[34mINFO[0m[2018-08-30 18:21:15.325545] Conductor says hello, loading config          [34mconfig[0m=pipeline.conf [34mdebug[0m=false [34mfluentd[0m= [34mlogfile[0m=pipeline.log [34mmaxthreads[0m=8 [34mtag[0m=pipeline [34mversion[0m="v1.0.0(bigmuddy)"
[34mINFO[0m[2018-08-30 18:21:15.326893] Conductor starting up section                 [34mname[0m=conductor [34msection[0m="mymetrics_influx" [34mstage[0m="xport_output" [34mtag[0m=pipeline
[34mINFO[0m[2018-08-30 18:21:15.327102] Metamonitoring: serving pipeline metrics to prometheus  [34mname[0m=default [34mresource[0m="/metrics" [34mserver[0m=":8989" [34mtag[0m=pipeline
[34mINFO[0m[2018-08-30 18:21:15.329132] setup authentication                          [34mauthenticator[0m="http://192.168.11.127:8086" [34mname[0m="mymetrics_influx" [34mpem[0m=private.pem [34mtag[0m=pipeline [34musername[0m=admin
[34mINFO[0m[2018-08-30 18:21:15.329279] setup metrics collection                      [34mbasepath[0m="Cisco-IOS-XR-ip-rib-ipv4-oper:rib/vrfs/vrf/afs/af/safs/saf/ip-rib-route-table-names/ip-rib-route-table-name/protocol/bgp/as/information" [34mname[0m="mymetrics_influx" [34mtag[0m=pipeline
[34mINFO[0m[2018-08-30 18:21:15.329405] setup metrics collection                      [34mbasepath[0m="Cisco-IOS-XR-infra-statsd-oper:infra-statistics/interfaces/interface/latest/generic-counters" [34mname[0m="mymetrics_influx" [34mtag[0m=pipeline
[34mINFO[0m[2018-08-30 18:21:15.329522] setup metrics collection                      [34mbasepath[0m="Cisco-IOS-XR-infra-statsd-oper:infra-statistics/interfaces/interface/latest/data-rate" [34mname[0m="mymetrics_influx" [34mtag[0m=pipeline
[34mINFO[0m[2018-08-30 18:21:15.329587] setup metrics collection                      [34mbasepath[0m="Cisco-IOS-XR-mpls-te-oper:mpls-te/tunnels/tunnel-auto-bandwidths/tunnel-auto-bandwidth" [34mname[0m="mymetrics_influx" [34mtag[0m=pipeline
[34mINFO[0m[2018-08-30 18:21:15.329768] setup metrics collection                      [34mbasepath[0m="Cisco-IOS-XR-qos-ma-oper:qos/interface-table/interface/output/statistics" [34mname[0m="mymetrics_influx" [34mtag[0m=pipeline
[34mINFO[0m[2018-08-30 18:21:15.329852] setup metrics collection                      [34mbasepath[0m="Cisco-IOS-XR-procmem-oper:processes-memory/nodes/node/process-ids/process-id" [34mname[0m="mymetrics_influx" [34mtag[0m=pipeline
[34mINFO[0m[2018-08-30 18:21:15.329916] setup metrics collection                      [34mbasepath[0m="Cisco-IOS-XR-nto-misc-shmem-oper:memory-summary/nodes/node/summary" [34mname[0m="mymetrics_influx" [34mtag[0m=pipeline
[34mINFO[0m[2018-08-30 18:21:15.329974] setup metrics collection                      [34mbasepath[0m="Cisco-IOS-XR-wdsysmon-fd-oper:system-monitoring/cpu-utilization" [34mname[0m="mymetrics_influx" [34mtag[0m=pipeline
[34mINFO[0m[2018-08-30 18:21:15.330043] setup metrics collection                      [34mbasepath[0m="Cisco-IOS-XR-controller-optics-oper:optics-oper/optics-ports/optics-port/optics-info/lane-data/lane-alarm-info" [34mname[0m="mymetrics_influx" [34mtag[0m=pipeline
[34mINFO[0m[2018-08-30 18:21:15.330254] setup metrics collection                      [34mbasepath[0m="Cisco-IOS-XR-cdp-oper:cdp/nodes/node/neighbors/summaries/summary" [34mname[0m="mymetrics_influx" [34mtag[0m=pipeline
[34mINFO[0m[2018-08-30 18:21:15.330448] Conductor starting up section                 [34mname[0m=conductor [34msection[0m=testbed [34mstage[0m="xport_input" [34mtag[0m=pipeline
[34mINFO[0m[2018-08-30 18:21:15.330534] Setting up workers                            [34mdatabase[0m="mdt_db" [34minflux[0m="http://192.168.11.127:8086" [34mname[0m="mymetrics_influx" [34mtag[0m=pipeline [34mworkers[0m=8 [34mxport_type[0m=influx
[34mINFO[0m[2018-08-30 18:21:15.331545] TCP server starting                           [34mlisten[0m=":5432" [34mname[0m=testbed [34mtag[0m=pipeline
[34mINFO[0m[2018-08-30 18:21:17.008457] TCP server loop, rxed SHUTDOWN, closing connections  [34mname[0m=testbed [34mtag[0m=pipeline
[34mINFO[0m[2018-08-30 18:21:17.008610] TCP server notify conductor binding is closed  [34mbindpoint[0m=":5432" [34mname[0m=testbed [34mtag[0m=pipeline
[34mINFO[0m[2018-08-30 18:21:17.008667] metrics producer rxed SHUTDOWN                [34mfile[0m="/home/cisco/telemetry/pipeline/metrics.json" [34mname[0m="mymetrics_influx" [34moutput[0m=influx [34mtag[0m=pipeline
[34mINFO[0m[2018-08-30 18:21:17.008812] Goodbye                                       [34mtag[0m=pipeline
